<?xml version="1.0" encoding="UTF-8"?>
<!-- Generated by org.testng.reporters.JUnitXMLReporter -->
<testsuite ignored="0" hostname="BAWA" failures="1" tests="2" name="Test" time="48.431" errors="0" timestamp="2024-08-02T19:41:29 IST">
  <testcase classname="myTestSuite.HomePage" name="verifyHomePageTitle" time="0.545">
    <failure type="java.lang.AssertionError" message="expected [QACostmasters-Sign In] but found [Costmasters-Sign In]">
      <![CDATA[java.lang.AssertionError: expected [QACostmasters-Sign In] but found [Costmasters-Sign In]
at myTestSuite.HomePage.verifyHomePageTitle(HomePage.java:30)
at java.base/java.util.concurrent.Executors$RunnableAdapter.call(Executors.java:572)
at java.base/java.util.concurrent.FutureTask.run(FutureTask.java:317)
at java.base/java.util.concurrent.ThreadPoolExecutor.runWorker(ThreadPoolExecutor.java:1144)
at java.base/java.util.concurrent.ThreadPoolExecutor$Worker.run(ThreadPoolExecutor.java:642)
at java.base/java.lang.Thread.run(Thread.java:1583)
... Removed 17 stack frames]]>
    </failure>
  </testcase> <!-- verifyHomePageTitle -->
  <testcase classname="myTestSuite.LoginPage" name="verifyLogin" time="27.014"/>
</testsuite> <!-- Test -->
